# JRE version: Java(TM) SE Runtime Environment (8.0_121-b13) (build 1.8.0_121-b13)
# Java VM: Java HotSpot(TM) 64-Bit Server VM (25.121-b13 mixed mode bsd-amd64 compressed oops)
Heap:
 PSYoungGen      total 105984K, used 58415K [0x00000007aab00000, 0x00000007b2880000, 0x00000007c0000000)
  eden space 89600K, 46% used [0x00000007aab00000,0x00000007ad40d168,0x00000007b0280000)
  from space 16384K, 99% used [0x00000007b1580000,0x00000007b257eb38,0x00000007b2580000)
  to   space 19456K, 0% used [0x00000007b0280000,0x00000007b0280000,0x00000007b1580000)
 ParOldGen       total 61952K, used 22519K [0x0000000780000000, 0x0000000783c80000, 0x00000007aab00000)
  object space 61952K, 36% used [0x0000000780000000,0x00000007815fdfd0,0x0000000783c80000)
 Metaspace       used 53186K, capacity 54849K, committed 54912K, reserved 1097728K
  class space    used 6924K, capacity 7250K, committed 7296K, reserved 1048576K
GC Heap History (10 events):
Event: 15.959 GC heap before
{Heap before GC invocations=8 (full 1):
 PSYoungGen      total 56832K, used 56679K [0x00000007aab00000, 0x00000007af980000, 0x00000007c0000000)
  eden space 51200K, 100% used [0x00000007aab00000,0x00000007add00000,0x00000007add00000)
  from space 5632K, 97% used [0x00000007af400000,0x00000007af959c78,0x00000007af980000)
  to   space 9216K, 0% used [0x00000007ae780000,0x00000007ae780000,0x00000007af080000)
 ParOldGen       total 40448K, used 10635K [0x0000000780000000, 0x0000000782780000, 0x00000007aab00000)
  object space 40448K, 26% used [0x0000000780000000,0x0000000780a62fc8,0x0000000782780000)
 Metaspace       used 27922K, capacity 28528K, committed 28544K, reserved 1073152K
  class space    used 3762K, capacity 3953K, committed 3968K, reserved 1048576K
Event: 15.968 GC heap after
Heap after GC invocations=8 (full 1):
 PSYoungGen      total 71168K, used 6241K [0x00000007aab00000, 0x00000007b0800000, 0x00000007c0000000)
  eden space 61952K, 0% used [0x00000007aab00000,0x00000007aab00000,0x00000007ae780000)
  from space 9216K, 67% used [0x00000007ae780000,0x00000007aed98470,0x00000007af080000)
  to   space 9216K, 0% used [0x00000007aff00000,0x00000007aff00000,0x00000007b0800000)
 ParOldGen       total 40448K, used 10643K [0x0000000780000000, 0x0000000782780000, 0x00000007aab00000)
  object space 40448K, 26% used [0x0000000780000000,0x0000000780a64fc8,0x0000000782780000)
 Metaspace       used 27922K, capacity 28528K, committed 28544K, reserved 1073152K
  class space    used 3762K, capacity 3953K, committed 3968K, reserved 1048576K
}
Event: 22.189 GC heap before
{Heap before GC invocations=9 (full 1):
 PSYoungGen      total 71168K, used 66321K [0x00000007aab00000, 0x00000007b0800000, 0x00000007c0000000)
  eden space 61952K, 96% used [0x00000007aab00000,0x00000007ae5ac1e8,0x00000007ae780000)
  from space 9216K, 67% used [0x00000007ae780000,0x00000007aed98470,0x00000007af080000)
  to   space 9216K, 0% used [0x00000007aff00000,0x00000007aff00000,0x00000007b0800000)
 ParOldGen       total 40448K, used 10643K [0x0000000780000000, 0x0000000782780000, 0x00000007aab00000)
  object space 40448K, 26% used [0x0000000780000000,0x0000000780a64fc8,0x0000000782780000)
 Metaspace       used 34236K, capacity 35383K, committed 35416K, reserved 1079296K
  class space    used 4630K, capacity 4864K, committed 4864K, reserved 1048576K
Event: 22.214 GC heap after
Heap after GC invocations=9 (full 1):
 PSYoungGen      total 81408K, used 9195K [0x00000007aab00000, 0x00000007b1d00000, 0x00000007c0000000)
  eden space 72192K, 0% used [0x00000007aab00000,0x00000007aab00000,0x00000007af180000)
  from space 9216K, 99% used [0x00000007aff00000,0x00000007b07fade0,0x00000007b0800000)
  to   space 13824K, 0% used [0x00000007af180000,0x00000007af180000,0x00000007aff00000)
 ParOldGen       total 40448K, used 17891K [0x0000000780000000, 0x0000000782780000, 0x00000007aab00000)
  object space 40448K, 44% used [0x0000000780000000,0x0000000781178fc8,0x0000000782780000)
 Metaspace       used 34236K, capacity 35383K, committed 35416K, reserved 1079296K
  class space    used 4630K, capacity 4864K, committed 4864K, reserved 1048576K
}
Event: 22.214 GC heap before
{Heap before GC invocations=10 (full 2):
 PSYoungGen      total 81408K, used 9195K [0x00000007aab00000, 0x00000007b1d00000, 0x00000007c0000000)
  eden space 72192K, 0% used [0x00000007aab00000,0x00000007aab00000,0x00000007af180000)
  from space 9216K, 99% used [0x00000007aff00000,0x00000007b07fade0,0x00000007b0800000)
  to   space 13824K, 0% used [0x00000007af180000,0x00000007af180000,0x00000007aff00000)
 ParOldGen       total 40448K, used 17891K [0x0000000780000000, 0x0000000782780000, 0x00000007aab00000)
  object space 40448K, 44% used [0x0000000780000000,0x0000000781178fc8,0x0000000782780000)
 Metaspace       used 34236K, capacity 35383K, committed 35416K, reserved 1079296K
  class space    used 4630K, capacity 4864K, committed 4864K, reserved 1048576K
Event: 22.337 GC heap after
Heap after GC invocations=10 (full 2):
 PSYoungGen      total 81408K, used 0K [0x00000007aab00000, 0x00000007b1d00000, 0x00000007c0000000)
  eden space 72192K, 0% used [0x00000007aab00000,0x00000007aab00000,0x00000007af180000)
  from space 9216K, 0% used [0x00000007aff00000,0x00000007aff00000,0x00000007b0800000)
  to   space 13824K, 0% used [0x00000007af180000,0x00000007af180000,0x00000007aff00000)
 ParOldGen       total 61952K, used 20137K [0x0000000780000000, 0x0000000783c80000, 0x00000007aab00000)
  object space 61952K, 32% used [0x0000000780000000,0x00000007813aa788,0x0000000783c80000)
 Metaspace       used 34236K, capacity 35383K, committed 35416K, reserved 1079296K
  class space    used 4630K, capacity 4864K, committed 4864K, reserved 1048576K
}
Event: 41.760 GC heap before
{Heap before GC invocations=11 (full 2):
 PSYoungGen      total 81408K, used 72192K [0x00000007aab00000, 0x00000007b1d00000, 0x00000007c0000000)
  eden space 72192K, 100% used [0x00000007aab00000,0x00000007af180000,0x00000007af180000)
  from space 9216K, 0% used [0x00000007aff00000,0x00000007aff00000,0x00000007b0800000)
  to   space 13824K, 0% used [0x00000007af180000,0x00000007af180000,0x00000007aff00000)
 ParOldGen       total 61952K, used 20137K [0x0000000780000000, 0x0000000783c80000, 0x00000007aab00000)
  object space 61952K, 32% used [0x0000000780000000,0x00000007813aa788,0x0000000783c80000)
 Metaspace       used 39657K, capacity 41169K, committed 41472K, reserved 1085440K
  class space    used 5194K, capacity 5530K, committed 5632K, reserved 1048576K
Event: 41.778 GC heap after
Heap after GC invocations=11 (full 2):
 PSYoungGen      total 86016K, used 13821K [0x00000007aab00000, 0x00000007b2580000, 0x00000007c0000000)
  eden space 72192K, 0% used [0x00000007aab00000,0x00000007aab00000,0x00000007af180000)
  from space 13824K, 99% used [0x00000007af180000,0x00000007afeff5a0,0x00000007aff00000)
  to   space 16384K, 0% used [0x00000007b1580000,0x00000007b1580000,0x00000007b2580000)
 ParOldGen       total 61952K, used 20335K [0x0000000780000000, 0x0000000783c80000, 0x00000007aab00000)
  object space 61952K, 32% used [0x0000000780000000,0x00000007813dbe08,0x0000000783c80000)
 Metaspace       used 39657K, capacity 41169K, committed 41472K, reserved 1085440K
  class space    used 5194K, capacity 5530K, committed 5632K, reserved 1048576K
}
Event: 173.033 GC heap before
{Heap before GC invocations=12 (full 2):
 PSYoungGen      total 86016K, used 86013K [0x00000007aab00000, 0x00000007b2580000, 0x00000007c0000000)
  eden space 72192K, 100% used [0x00000007aab00000,0x00000007af180000,0x00000007af180000)
  from space 13824K, 99% used [0x00000007af180000,0x00000007afeff5a0,0x00000007aff00000)
  to   space 16384K, 0% used [0x00000007b1580000,0x00000007b1580000,0x00000007b2580000)
 ParOldGen       total 61952K, used 20335K [0x0000000780000000, 0x0000000783c80000, 0x00000007aab00000)
  object space 61952K, 32% used [0x0000000780000000,0x00000007813dbe08,0x0000000783c80000)
 Metaspace       used 52736K, capacity 54371K, committed 54656K, reserved 1097728K
  class space    used 6903K, capacity 7227K, committed 7296K, reserved 1048576K
Event: 173.071 GC heap after
Heap after GC invocations=12 (full 2):
 PSYoungGen      total 105984K, used 16378K [0x00000007aab00000, 0x00000007b2880000, 0x00000007c0000000)
  eden space 89600K, 0% used [0x00000007aab00000,0x00000007aab00000,0x00000007b0280000)
  from space 16384K, 99% used [0x00000007b1580000,0x00000007b257eb38,0x00000007b2580000)
  to   space 19456K, 0% used [0x00000007b0280000,0x00000007b0280000,0x00000007b1580000)
 ParOldGen       total 61952K, used 22519K [0x0000000780000000, 0x0000000783c80000, 0x00000007aab00000)
  object space 61952K, 36% used [0x0000000780000000,0x00000007815fdfd0,0x0000000783c80000)
 Metaspace       used 52736K, capacity 54371K, committed 54656K, reserved 1097728K
  class space    used 6903K, capacity 7227K, committed 7296K, reserved 1048576K
}

